<?xml version="1.0" encoding="UTF-8"?>
<!-- Generated by org.testng.reporters.JUnitReportReporter -->
<testsuite hostname="MOBASSIR-ERHSHJS" failures="0" tests="1" name="SeleniumPractice.demo1" time="3.212" errors="0" timestamp="2024-10-10T10:46:22 SAST" skipped="0">
  <testcase classname="SeleniumPractice.demo1" name="webTable" time="3.212"/>
</testsuite> <!-- SeleniumPractice.demo1 -->
